Arguments: 
  C:\Program Files\nodejs\node.exe C:\Program Files (x86)\Yarn\bin\yarn.js add xcorr

PATH: 
  C:\Program Files\PowerShell\7;C:\Program Files\AdoptOpenJDK\jre-8.0.252.09-hotspot\bin;C:\tools\ruby27\bin;C:\Python38\Scripts\;C:\Python38\;C:\Python27\;C:\Python27\Scripts;C:\tools\ruby26\bin;C:\Python37\Scripts\;C:\Python37\;C:\Program Files (x86)\Common Files\Oracle\Java\javapath;C:\Windows\system32;C:\Windows;C:\Windows\System32\Wbem;C:\Windows\System32\WindowsPowerShell\v1.0\;C:\Program Files\OpenSSH-Win64;C:\Windows\System32\OpenSSH\;C:\ProgramData\chocolatey\bin;C:\Program Files\Microsoft VS Code\bin;C:\Program Files\Git LFS;C:\Program Files (x86)\NVIDIA Corporation\PhysX\Common;C:\Program Files\OpenJDK\openjdk-11u-11.0.4_11\bin;C:\Program Files\PowerShell\7-preview\preview;C:\Strawberry\c\bin;C:\Strawberry\perl\site\bin;C:\Strawberry\perl\bin;C:\Program Files (x86)\PowerShell\7-preview\preview;C:\Program Files\PowerShell\7\;C:\Program Files\Intel\WiFi\bin\;C:\Program Files\Common Files\Intel\WirelessCommon\;C:\Program Files (x86)\Intel\Intel(R) Management Engine Components\DAL;C:\Program Files\Intel\Intel(R) Management Engine Components\DAL;C:\Program Files\OpenJDK\openjdk-11.0.7_10\bin;C:\Program Files (x86)\Yarn\bin\;C:\Program Files\FileBot\;C:\Program Files\Git\cmd;C:\Program Files\nodejs\;C:\HashiCorp\Vagrant\bin;C:\Program Files\Docker\Docker\resources\bin;C:\ProgramData\DockerDesktop\version-bin;C:\Users\mark\.windows-build-tools\python27\;C:\Users\mark\.windows-build-tools\python27\;C:\Users\mark\AppData\Local\Microsoft\WindowsApps;C:\Users\mark\AppData\Local\hyper\app-3.0.2\resources\bin;C:\tools\msys64;C:\ProgramData\chocolatey\lib\mingw\tools\install\mingw64\bin;C:\Program Files\MKVToolNix;C:\Program Files (x86)\Nmap;C:\tools\Cmder;C:\Users\mark\AppData\Local\GitHubDesktop\bin;C:\Users\mark\AppData\Local\Pandoc\;C:\Users\mark\AppData\Local\.meteor;C:\Users\mark\AppData\Local\Yarn\bin;C:\Users\mark\AppData\Roaming\npm

Yarn version: 
  1.22.4

Node version: 
  14.3.0

Platform: 
  win32 x64

Trace: 
  Error: https://registry.yarnpkg.com/xcorr: Not found
      at Request.params.callback [as _callback] (C:\Program Files (x86)\Yarn\lib\cli.js:66096:18)
      at Request.self.callback (C:\Program Files (x86)\Yarn\lib\cli.js:140748:22)
      at Request.emit (events.js:315:20)
      at Request.<anonymous> (C:\Program Files (x86)\Yarn\lib\cli.js:141720:10)
      at Request.emit (events.js:315:20)
      at IncomingMessage.<anonymous> (C:\Program Files (x86)\Yarn\lib\cli.js:141642:12)
      at Object.onceWrapper (events.js:421:28)
      at IncomingMessage.emit (events.js:327:22)
      at endReadableNT (_stream_readable.js:1224:12)
      at processTicksAndRejections (internal/process/task_queues.js:84:21)

npm manifest: 
  {
    "name": "wilhelm",
    "version": "1.0.0",
    "description": "Wilhelm Scream",
    "main": "process.js",
    "scripts": {
      "test": "echo \"Error: no test specified\" && exit 1"
    },
    "author": "",
    "license": "ISC",
    "dependencies": {
      "fourier-transform": "^1.1.2",
      "node-wav": "^0.0.2"
    }
  }

yarn manifest: 
  No manifest

Lockfile: 
  # THIS IS AN AUTOGENERATED FILE. DO NOT EDIT THIS FILE DIRECTLY.
  # yarn lockfile v1
  
  
  fourier-transform@^1.1.2:
    version "1.1.2"
    resolved "https://registry.yarnpkg.com/fourier-transform/-/fourier-transform-1.1.2.tgz#53927cefa86958eb1fd2148af46c6d3fc5e79b64"
    integrity sha1-U5J876hpWOsf0hSK9GxtP8Xnm2Q=
  
  node-wav@^0.0.2:
    version "0.0.2"
    resolved "https://registry.yarnpkg.com/node-wav/-/node-wav-0.0.2.tgz#89cb63cf8cd66ec8ab455f5ba4864e5fcb4605e8"
    integrity sha1-ictjz4zWbsirRV9bpIZOX8tGBeg=
